[01m[K/home/aimane/vnav/vnav_ws/src/two_drones_pkg/src/plots_publisher_node.cpp:[m[K In member function â€˜[01m[Kvoid PlotsPublisherNode::TrajTrail::update()[m[Kâ€™:
[01m[K/home/aimane/vnav/vnav_ws/src/two_drones_pkg/src/plots_publisher_node.cpp:77:19:[m[K [01;31m[Kerror: [m[Kâ€˜[01m[Kclass PlotsPublisherNode::TrajTrail[m[Kâ€™ has no member named â€˜[01m[Ktf_buffer_[m[Kâ€™
   77 |         if (this->[01;31m[Ktf_buffer_[m[K->canTransform(
      |                   [01;31m[K^~~~~~~~~~[m[K
[01m[K/home/aimane/vnav/vnav_ws/src/two_drones_pkg/src/plots_publisher_node.cpp:81:29:[m[K [01;31m[Kerror: [m[Kâ€˜[01m[Kclass PlotsPublisherNode::TrajTrail[m[Kâ€™ has no member named â€˜[01m[Ktf_buffer_[m[Kâ€™
   81 |           transform = this->[01;31m[Ktf_buffer_[m[K->lookupTransform(
      |                             [01;31m[K^~~~~~~~~~[m[K
gmake[2]: *** [CMakeFiles/plots_publisher_node.dir/build.make:76: CMakeFiles/plots_publisher_node.dir/src/plots_publisher_node.cpp.o] Error 1
gmake[1]: *** [CMakeFiles/Makefile2:165: CMakeFiles/plots_publisher_node.dir/all] Error 2
gmake: *** [Makefile:146: all] Error 2
